#-----------------------------------------------------------
# Vivado v2020.2 (64-bit)
# SW Build 3064766 on Wed Nov 18 09:12:45 MST 2020
# IP Build 3064653 on Wed Nov 18 14:17:31 MST 2020
# Start of session at: Mon Mar 22 10:38:43 2021
# Process ID: 15380
# Current directory: C:/Users/louis/Desktop/AMNS_IMPLEMENTATION/VIVADO/AMNS_ARITH_HW
# Command line: vivado.exe -gui_launcher_event rodinguilauncherevent15164 C:\Users\louis\Desktop\AMNS_IMPLEMENTATION\VIVADO\AMNS_ARITH_HW\AMNS_ARITH_HW.xpr
# Log file: C:/Users/louis/Desktop/AMNS_IMPLEMENTATION/VIVADO/AMNS_ARITH_HW/vivado.log
# Journal file: C:/Users/louis/Desktop/AMNS_IMPLEMENTATION/VIVADO/AMNS_ARITH_HW\vivado.jou
#-----------------------------------------------------------
start_gui
open_project C:/Users/louis/Desktop/AMNS_IMPLEMENTATION/VIVADO/AMNS_ARITH_HW/AMNS_ARITH_HW.xpr
WARNING: [filemgmt 56-3] Default IP Output Path : Could not find the directory 'C:/Users/louis/Desktop/AMNS_IMPLEMENTATION/VIVADO/AMNS_ARITH_HW/AMNS_ARITH_HW.gen/sources_1'.
Scanning sources...
Finished scanning sources
INFO: [IP_Flow 19-234] Refreshing IP repositories
INFO: [IP_Flow 19-1704] No user IP repositories specified
INFO: [IP_Flow 19-2313] Loaded Vivado IP repository 'D:/Vivado/2020.2/data/ip'.
open_project: Time (s): cpu = 00:00:21 ; elapsed = 00:00:25 . Memory (MB): peak = 1092.535 ; gain = 0.000
update_compile_order -fileset sources_1
launch_simulation
Command: launch_simulation 
INFO: [Vivado 12-5682] Launching behavioral simulation in 'C:/Users/louis/Desktop/AMNS_IMPLEMENTATION/VIVADO/AMNS_ARITH_HW/AMNS_ARITH_HW.sim/sim_1/behav/xsim'
INFO: [SIM-utils-51] Simulation object is 'sim_1'
INFO: [SIM-utils-54] Inspecting design source files for 'AMNS_arith_multiple_stage_tb' in fileset 'sim_1'...
INFO: [USF-XSim-97] Finding global include files...
INFO: [USF-XSim-98] Fetching design files from 'sim_1'...
INFO: [USF-XSim-2] XSim::Compile design
INFO: [USF-XSim-61] Executing 'COMPILE and ANALYZE' step in 'C:/Users/louis/Desktop/AMNS_IMPLEMENTATION/VIVADO/AMNS_ARITH_HW/AMNS_ARITH_HW.sim/sim_1/behav/xsim'
"xvhdl --incr --relax -prj AMNS_arith_multiple_stage_tb_vhdl.prj"
INFO: [USF-XSim-69] 'compile' step finished in '4' seconds
INFO: [USF-XSim-3] XSim::Elaborate design
INFO: [USF-XSim-61] Executing 'ELABORATE' step in 'C:/Users/louis/Desktop/AMNS_IMPLEMENTATION/VIVADO/AMNS_ARITH_HW/AMNS_ARITH_HW.sim/sim_1/behav/xsim'
"xelab -wto 61a7bb616af046c3b482c797ddf4067c --incr --debug typical --relax --mt 2 -L xil_defaultlib -L secureip --snapshot AMNS_arith_multiple_stage_tb_behav xil_defaultlib.AMNS_arith_multiple_stage_tb -log elaborate.log"
Vivado Simulator 2020.2
Copyright 1986-1999, 2001-2020 Xilinx, Inc. All Rights Reserved.
Running: D:/Vivado/2020.2/bin/unwrapped/win64.o/xelab.exe -wto 61a7bb616af046c3b482c797ddf4067c --incr --debug typical --relax --mt 2 -L xil_defaultlib -L secureip --snapshot AMNS_arith_multiple_stage_tb_behav xil_defaultlib.AMNS_arith_multiple_stage_tb -log elaborate.log 
Using 2 slave threads.
Starting static elaboration
Completed static elaboration
INFO: [XSIM 43-4323] No Change in HDL. Linking previously generated obj files to create kernel
INFO: [USF-XSim-69] 'elaborate' step finished in '4' seconds
INFO: [USF-XSim-4] XSim::Simulate design
INFO: [USF-XSim-61] Executing 'SIMULATE' step in 'C:/Users/louis/Desktop/AMNS_IMPLEMENTATION/VIVADO/AMNS_ARITH_HW/AMNS_ARITH_HW.sim/sim_1/behav/xsim'
INFO: [USF-XSim-98] *** Running xsim
   with args "AMNS_arith_multiple_stage_tb_behav -key {Behavioral:sim_1:Functional:AMNS_arith_multiple_stage_tb} -tclbatch {AMNS_arith_multiple_stage_tb.tcl} -log {simulate.log}"
INFO: [USF-XSim-8] Loading simulator feature
Vivado Simulator 2020.2
Time resolution is 1 ps
source AMNS_arith_multiple_stage_tb.tcl
# set curr_wave [current_wave_config]
# if { [string length $curr_wave] == 0 } {
#   if { [llength [get_objects]] > 0} {
#     add_wave /
#     set_property needs_save false [current_wave_config]
#   } else {
#      send_msg_id Add_Wave-1 WARNING "No top level signals found. Simulator will start without a wave window. If you want to open a wave window go to 'File->New Waveform Configuration' or type 'create_wave_config' in the TCL console."
#   }
# }
# run 1000ns
xsim: Time (s): cpu = 00:00:09 ; elapsed = 00:00:06 . Memory (MB): peak = 1092.535 ; gain = 0.000
INFO: [USF-XSim-96] XSim completed. Design snapshot 'AMNS_arith_multiple_stage_tb_behav' loaded.
INFO: [USF-XSim-97] XSim simulation ran for 1000ns
launch_simulation: Time (s): cpu = 00:00:11 ; elapsed = 00:00:16 . Memory (MB): peak = 1092.535 ; gain = 0.000
relaunch_sim
Command: launch_simulation -simset sim_1 -mode behavioral
INFO: [Vivado 12-5682] Launching behavioral simulation in 'C:/Users/louis/Desktop/AMNS_IMPLEMENTATION/VIVADO/AMNS_ARITH_HW/AMNS_ARITH_HW.sim/sim_1/behav/xsim'
INFO: [SIM-utils-51] Simulation object is 'sim_1'
INFO: [SIM-utils-54] Inspecting design source files for 'AMNS_arith_multiple_stage_tb' in fileset 'sim_1'...
INFO: [USF-XSim-97] Finding global include files...
INFO: [USF-XSim-98] Fetching design files from 'sim_1'...
INFO: [USF-XSim-2] XSim::Compile design
INFO: [USF-XSim-61] Executing 'COMPILE and ANALYZE' step in 'C:/Users/louis/Desktop/AMNS_IMPLEMENTATION/VIVADO/AMNS_ARITH_HW/AMNS_ARITH_HW.sim/sim_1/behav/xsim'
"xvhdl --incr --relax -prj AMNS_arith_multiple_stage_tb_vhdl.prj"
INFO: [USF-XSim-69] 'compile' step finished in '2' seconds
Command: launch_simulation -simset sim_1 -mode behavioral
INFO: [Vivado 12-5682] Launching behavioral simulation in 'C:/Users/louis/Desktop/AMNS_IMPLEMENTATION/VIVADO/AMNS_ARITH_HW/AMNS_ARITH_HW.sim/sim_1/behav/xsim'
INFO: [USF-XSim-3] XSim::Elaborate design
INFO: [USF-XSim-61] Executing 'ELABORATE' step in 'C:/Users/louis/Desktop/AMNS_IMPLEMENTATION/VIVADO/AMNS_ARITH_HW/AMNS_ARITH_HW.sim/sim_1/behav/xsim'
"xelab -wto 61a7bb616af046c3b482c797ddf4067c --incr --debug typical --relax --mt 2 -L xil_defaultlib -L secureip --snapshot AMNS_arith_multiple_stage_tb_behav xil_defaultlib.AMNS_arith_multiple_stage_tb -log elaborate.log"
Vivado Simulator 2020.2
Copyright 1986-1999, 2001-2020 Xilinx, Inc. All Rights Reserved.
Running: D:/Vivado/2020.2/bin/unwrapped/win64.o/xelab.exe -wto 61a7bb616af046c3b482c797ddf4067c --incr --debug typical --relax --mt 2 -L xil_defaultlib -L secureip --snapshot AMNS_arith_multiple_stage_tb_behav xil_defaultlib.AMNS_arith_multiple_stage_tb -log elaborate.log 
Using 2 slave threads.
Starting static elaboration
Completed static elaboration
INFO: [XSIM 43-4323] No Change in HDL. Linking previously generated obj files to create kernel
INFO: [USF-XSim-69] 'elaborate' step finished in '3' seconds
Vivado Simulator 2020.2
Time resolution is 1 ps
relaunch_sim: Time (s): cpu = 00:00:02 ; elapsed = 00:00:08 . Memory (MB): peak = 1195.352 ; gain = 102.816
close_sim
