#-----------------------------------------------------------
# Vivado v2020.2 (64-bit)
# SW Build 3064766 on Wed Nov 18 09:12:45 MST 2020
# IP Build 3064653 on Wed Nov 18 14:17:31 MST 2020
# Start of session at: Tue Mar 23 09:15:38 2021
# Process ID: 16356
# Current directory: C:/Users/louis/Desktop/AMNS_IMPLEMENTATION/VIVADO/IP/managed_ip_project
# Command line: vivado.exe -gui_launcher_event rodinguilauncherevent13400 C:\Users\louis\Desktop\AMNS_IMPLEMENTATION\VIVADO\IP\managed_ip_project\managed_ip_project.xpr
# Log file: C:/Users/louis/Desktop/AMNS_IMPLEMENTATION/VIVADO/IP/managed_ip_project/vivado.log
# Journal file: C:/Users/louis/Desktop/AMNS_IMPLEMENTATION/VIVADO/IP/managed_ip_project\vivado.jou
#-----------------------------------------------------------
start_gui
open_project C:/Users/louis/Desktop/AMNS_IMPLEMENTATION/VIVADO/IP/managed_ip_project/managed_ip_project.xpr
WARNING: [filemgmt 56-3] Default IP Output Path : Could not find the directory 'C:/Users/louis/Desktop/AMNS_IMPLEMENTATION/VIVADO/IP/managed_ip_project/managed_ip_project.gen/sources_1'.
Scanning sources...
Finished scanning sources
INFO: [IP_Flow 19-234] Refreshing IP repositories
INFO: [IP_Flow 19-1700] Loaded user IP repository 'c:/Users/louis/Desktop/AMNS_IMPLEMENTATION/VIVADO/IP/ip_repo/AMNS_arith_ip_1.0'.
INFO: [IP_Flow 19-2313] Loaded Vivado IP repository 'D:/Vivado/2020.2/data/ip'.
open_project: Time (s): cpu = 00:00:14 ; elapsed = 00:00:10 . Memory (MB): peak = 1143.320 ; gain = 0.000
ipx::edit_ip_in_project -upgrade true -name AMNS_arith_ip_v1_0_project -directory C:/Users/louis/Desktop/AMNS_IMPLEMENTATION/VIVADO/IP/managed_ip_project/managed_ip_project.tmp/AMNS_arith_ip_v1_0_project c:/Users/louis/Desktop/AMNS_IMPLEMENTATION/VIVADO/IP/ip_repo/AMNS_arith_ip_1.0/component.xml
INFO: [ProjectBase 1-489] The host OS only allows 260 characters in a normal path. The project is stored in a path with more than 80 characters. If you experience issues with IP, Block Designs, or files not being found, please consider moving the project to a location with a shorter path. Alternately consider using the OS subst command to map part of the path to a drive letter.
Current project path is 'c:/users/louis/desktop/amns_implementation/vivado/ip/managed_ip_project/managed_ip_project.tmp/amns_arith_ip_v1_0_project'
INFO: [IP_Flow 19-234] Refreshing IP repositories
INFO: [IP_Flow 19-1704] No user IP repositories specified
INFO: [IP_Flow 19-2313] Loaded Vivado IP repository 'D:/Vivado/2020.2/data/ip'.
create_project: Time (s): cpu = 00:00:13 ; elapsed = 00:00:07 . Memory (MB): peak = 1143.320 ; gain = 0.000
INFO: [IP_Flow 19-234] Refreshing IP repositories
INFO: [IP_Flow 19-1700] Loaded user IP repository 'c:/Users/louis/Desktop/AMNS_IMPLEMENTATION/VIVADO/IP/ip_repo/AMNS_arith_ip_1.0'.
INFO: [IP_Flow 19-795] Syncing license key meta-data
CRITICAL WARNING: [IP_Flow 19-3667] Component file 'c:/Users/louis/Desktop/AMNS_IMPLEMENTATION/VIVADO/IP/ip_repo/AMNS_arith_ip_1.0/src/AMNS_arith_multiple_stage.vhd' does not exist. The file is ignored.
CRITICAL WARNING: [IP_Flow 19-3667] Component file 'c:/Users/louis/Desktop/AMNS_IMPLEMENTATION/VIVADO/IP/ip_repo/AMNS_arith_ip_1.0/src/AMNS_arith_multiple_stage.vhd' does not exist. The file is ignored.
ipx::edit_ip_in_project: Time (s): cpu = 00:00:18 ; elapsed = 00:00:10 . Memory (MB): peak = 1143.320 ; gain = 0.000
update_compile_order -fileset sources_1
add_files -norecurse -copy_to c:/Users/louis/Desktop/AMNS_IMPLEMENTATION/VIVADO/IP/ip_repo/AMNS_arith_ip_1.0/src C:/Users/louis/Desktop/AMNS_IMPLEMENTATION/VIVADO/AMNS_ARITH_HW/AMNS_ARITH_HW.srcs/sources_1/new/AMNS_arith_multiple_stage.vhd
update_compile_order -fileset sources_1
launch_runs synth_1 -jobs 4
[Tue Mar 23 09:17:16 2021] Launched synth_1...
Run output will be captured here: c:/users/louis/desktop/amns_implementation/vivado/ip/managed_ip_project/managed_ip_project.tmp/amns_arith_ip_v1_0_project/AMNS_arith_ip_v1_0_project.runs/synth_1/runme.log
set_property library xil_defaultlib [get_files  c:/Users/louis/Desktop/AMNS_IMPLEMENTATION/VIVADO/IP/ip_repo/AMNS_arith_ip_1.0/src/amns_package.vhd]
reset_run synth_1
launch_runs synth_1 -jobs 4
[Tue Mar 23 09:18:48 2021] Launched synth_1...
Run output will be captured here: c:/users/louis/desktop/amns_implementation/vivado/ip/managed_ip_project/managed_ip_project.tmp/amns_arith_ip_v1_0_project/AMNS_arith_ip_v1_0_project.runs/synth_1/runme.log
ipx::merge_project_changes files [ipx::current_core]
WARNING: [IP_Flow 19-5226] Project source file 'c:/Users/louis/Desktop/AMNS_IMPLEMENTATION/VIVADO/IP/ip_repo/AMNS_arith_ip_1.0/component.xml' ignored by IP packager.
set_property core_revision 4 [ipx::current_core]
ipx::update_source_project_archive -component [ipx::current_core]
ipx::create_xgui_files [ipx::current_core]
ipx::update_checksums [ipx::current_core]
ipx::check_integrity [ipx::current_core]
INFO: [IP_Flow 19-2181] Payment Required is not set for this core.
INFO: [IP_Flow 19-2187] The Product Guide file is missing.
INFO: [Ipptcl 7-1486] check_integrity: Integrity check passed.
ipx::save_core [ipx::current_core]
ipx::move_temp_component_back -component [ipx::current_core]
close_project -delete
update_ip_catalog -rebuild -repo_path c:/Users/louis/Desktop/AMNS_IMPLEMENTATION/VIVADO/IP/ip_repo/AMNS_arith_ip_1.0
INFO: [IP_Flow 19-725] Reloaded user IP repository 'c:/Users/louis/Desktop/AMNS_IMPLEMENTATION/VIVADO/IP/ip_repo/AMNS_arith_ip_1.0'
exit
INFO: [Common 17-206] Exiting Vivado at Tue Mar 23 09:23:17 2021...
