
*** Running vivado
    with args -log AMNS_arith_multiple_stage_top.vds -m64 -product Vivado -mode batch -messageDb vivado.pb -notrace -source AMNS_arith_multiple_stage_top.tcl



****** Vivado v2020.2 (64-bit)
  **** SW Build 3064766 on Wed Nov 18 09:12:45 MST 2020
  **** IP Build 3064653 on Wed Nov 18 14:17:31 MST 2020
    ** Copyright 1986-2020 Xilinx, Inc. All Rights Reserved.

source AMNS_arith_multiple_stage_top.tcl -notrace
create_project: Time (s): cpu = 00:00:03 ; elapsed = 00:00:06 . Memory (MB): peak = 1102.281 ; gain = 0.000
Command: synth_design -top AMNS_arith_multiple_stage_top -part xc7z020clg484-1
Starting synth_design
Attempting to get a license for feature 'Synthesis' and/or device 'xc7z020'
INFO: [Common 17-349] Got license for feature 'Synthesis' and/or device 'xc7z020'
INFO: [Device 21-403] Loading part xc7z020clg484-1
INFO: [Synth 8-7079] Multithreading enabled for synth_design using a maximum of 2 processes.
INFO: [Synth 8-7078] Launching helper process for spawning children vivado processes
INFO: [Synth 8-7075] Helper process launched with PID 17992
---------------------------------------------------------------------------------
Starting RTL Elaboration : Time (s): cpu = 00:00:04 ; elapsed = 00:00:12 . Memory (MB): peak = 1162.277 ; gain = 59.996
---------------------------------------------------------------------------------
INFO: [Synth 8-638] synthesizing module 'AMNS_arith_multiple_stage_top' [C:/Users/louis/Desktop/AMNS_IMPLEMENTATION/VIVADO/AMNS_ARITH_HW/AMNS_ARITH_HW.srcs/sources_1/new/AMNS_arith_multiple_stage_top.vhd:45]
	Parameter NB_COEFF bound to: 4 - type: integer 
	Parameter WORD_WIDTH bound to: 64 - type: integer 
INFO: [Synth 8-3491] module 'AMNS_arith_multiple_stage' declared at 'C:/Users/louis/Desktop/AMNS_IMPLEMENTATION/VIVADO/AMNS_ARITH_HW/AMNS_ARITH_HW.srcs/sources_1/new/AMNS_arith_multiple_stage.vhd:37' bound to instance 'AMNS_ARITH_INST' of component 'AMNS_arith_multiple_stage' [C:/Users/louis/Desktop/AMNS_IMPLEMENTATION/VIVADO/AMNS_ARITH_HW/AMNS_ARITH_HW.srcs/sources_1/new/AMNS_arith_multiple_stage_top.vhd:75]
INFO: [Synth 8-638] synthesizing module 'AMNS_arith_multiple_stage' [C:/Users/louis/Desktop/AMNS_IMPLEMENTATION/VIVADO/AMNS_ARITH_HW/AMNS_ARITH_HW.srcs/sources_1/new/AMNS_arith_multiple_stage.vhd:50]
	Parameter NB_COEFF bound to: 4 - type: integer 
	Parameter WORD_WIDTH bound to: 64 - type: integer 
	Parameter NB_COEFF bound to: 4 - type: integer 
INFO: [Synth 8-3491] module 'FSM' declared at 'C:/Users/louis/Desktop/AMNS_IMPLEMENTATION/VIVADO/AMNS_ARITH_HW/AMNS_ARITH_HW.srcs/sources_1/new/FSM.vhd:37' bound to instance 'FSM_INST' of component 'FSM' [C:/Users/louis/Desktop/AMNS_IMPLEMENTATION/VIVADO/AMNS_ARITH_HW/AMNS_ARITH_HW.srcs/sources_1/new/AMNS_arith_multiple_stage.vhd:135]
INFO: [Synth 8-638] synthesizing module 'FSM' [C:/Users/louis/Desktop/AMNS_IMPLEMENTATION/VIVADO/AMNS_ARITH_HW/AMNS_ARITH_HW.srcs/sources_1/new/FSM.vhd:54]
	Parameter NB_COEFF bound to: 4 - type: integer 
INFO: [Synth 8-226] default block is never used [C:/Users/louis/Desktop/AMNS_IMPLEMENTATION/VIVADO/AMNS_ARITH_HW/AMNS_ARITH_HW.srcs/sources_1/new/FSM.vhd:75]
INFO: [Synth 8-226] default block is never used [C:/Users/louis/Desktop/AMNS_IMPLEMENTATION/VIVADO/AMNS_ARITH_HW/AMNS_ARITH_HW.srcs/sources_1/new/FSM.vhd:131]
INFO: [Synth 8-256] done synthesizing module 'FSM' (1#1) [C:/Users/louis/Desktop/AMNS_IMPLEMENTATION/VIVADO/AMNS_ARITH_HW/AMNS_ARITH_HW.srcs/sources_1/new/FSM.vhd:54]
	Parameter NB_COEFF bound to: 4 - type: integer 
	Parameter WORD_WIDTH bound to: 64 - type: integer 
INFO: [Synth 8-3491] module 'poly_mem' declared at 'C:/Users/louis/Desktop/AMNS_IMPLEMENTATION/VIVADO/AMNS_ARITH_HW/AMNS_ARITH_HW.srcs/sources_1/new/poly_mem.vhd:37' bound to instance 'POLY_MEM_INST' of component 'poly_mem' [C:/Users/louis/Desktop/AMNS_IMPLEMENTATION/VIVADO/AMNS_ARITH_HW/AMNS_ARITH_HW.srcs/sources_1/new/AMNS_arith_multiple_stage.vhd:151]
INFO: [Synth 8-638] synthesizing module 'poly_mem' [C:/Users/louis/Desktop/AMNS_IMPLEMENTATION/VIVADO/AMNS_ARITH_HW/AMNS_ARITH_HW.srcs/sources_1/new/poly_mem.vhd:52]
	Parameter NB_COEFF bound to: 4 - type: integer 
	Parameter WORD_WIDTH bound to: 64 - type: integer 
INFO: [Synth 8-256] done synthesizing module 'poly_mem' (2#1) [C:/Users/louis/Desktop/AMNS_IMPLEMENTATION/VIVADO/AMNS_ARITH_HW/AMNS_ARITH_HW.srcs/sources_1/new/poly_mem.vhd:52]
	Parameter WIDTH bound to: 3 - type: integer 
INFO: [Synth 8-3491] module 'counter' declared at 'C:/Users/louis/Desktop/AMNS_IMPLEMENTATION/VIVADO/AMNS_ARITH_HW/AMNS_ARITH_HW.srcs/sources_1/new/counter.vhd:34' bound to instance 'COUNTER_INST' of component 'counter' [C:/Users/louis/Desktop/AMNS_IMPLEMENTATION/VIVADO/AMNS_ARITH_HW/AMNS_ARITH_HW.srcs/sources_1/new/AMNS_arith_multiple_stage.vhd:165]
INFO: [Synth 8-638] synthesizing module 'counter' [C:/Users/louis/Desktop/AMNS_IMPLEMENTATION/VIVADO/AMNS_ARITH_HW/AMNS_ARITH_HW.srcs/sources_1/new/counter.vhd:42]
	Parameter WIDTH bound to: 3 - type: integer 
INFO: [Synth 8-256] done synthesizing module 'counter' (3#1) [C:/Users/louis/Desktop/AMNS_IMPLEMENTATION/VIVADO/AMNS_ARITH_HW/AMNS_ARITH_HW.srcs/sources_1/new/counter.vhd:42]
	Parameter NB_COEFF bound to: 4 - type: integer 
	Parameter WORD_WIDTH bound to: 64 - type: integer 
INFO: [Synth 8-3491] module 'ALU_multiple_stage' declared at 'C:/Users/louis/Desktop/AMNS_IMPLEMENTATION/VIVADO/AMNS_ARITH_HW/AMNS_ARITH_HW.srcs/sources_1/new/ALU_multiple_stage.vhd:37' bound to instance 'ALU_INST' of component 'ALU_multiple_stage' [C:/Users/louis/Desktop/AMNS_IMPLEMENTATION/VIVADO/AMNS_ARITH_HW/AMNS_ARITH_HW.srcs/sources_1/new/AMNS_arith_multiple_stage.vhd:172]
INFO: [Synth 8-638] synthesizing module 'ALU_multiple_stage' [C:/Users/louis/Desktop/AMNS_IMPLEMENTATION/VIVADO/AMNS_ARITH_HW/AMNS_ARITH_HW.srcs/sources_1/new/ALU_multiple_stage.vhd:51]
	Parameter NB_COEFF bound to: 4 - type: integer 
	Parameter WORD_WIDTH bound to: 64 - type: integer 
INFO: [Synth 8-256] done synthesizing module 'ALU_multiple_stage' (4#1) [C:/Users/louis/Desktop/AMNS_IMPLEMENTATION/VIVADO/AMNS_ARITH_HW/AMNS_ARITH_HW.srcs/sources_1/new/ALU_multiple_stage.vhd:51]
INFO: [Synth 8-256] done synthesizing module 'AMNS_arith_multiple_stage' (5#1) [C:/Users/louis/Desktop/AMNS_IMPLEMENTATION/VIVADO/AMNS_ARITH_HW/AMNS_ARITH_HW.srcs/sources_1/new/AMNS_arith_multiple_stage.vhd:50]
INFO: [Synth 8-256] done synthesizing module 'AMNS_arith_multiple_stage_top' (6#1) [C:/Users/louis/Desktop/AMNS_IMPLEMENTATION/VIVADO/AMNS_ARITH_HW/AMNS_ARITH_HW.srcs/sources_1/new/AMNS_arith_multiple_stage_top.vhd:45]
---------------------------------------------------------------------------------
Finished RTL Elaboration : Time (s): cpu = 00:00:06 ; elapsed = 00:00:15 . Memory (MB): peak = 1237.801 ; gain = 135.520
---------------------------------------------------------------------------------
---------------------------------------------------------------------------------
Start Handling Custom Attributes
---------------------------------------------------------------------------------
---------------------------------------------------------------------------------
Finished Handling Custom Attributes : Time (s): cpu = 00:00:07 ; elapsed = 00:00:17 . Memory (MB): peak = 1237.801 ; gain = 135.520
---------------------------------------------------------------------------------
---------------------------------------------------------------------------------
Finished RTL Optimization Phase 1 : Time (s): cpu = 00:00:07 ; elapsed = 00:00:17 . Memory (MB): peak = 1237.801 ; gain = 135.520
---------------------------------------------------------------------------------
Netlist sorting complete. Time (s): cpu = 00:00:00 ; elapsed = 00:00:00.215 . Memory (MB): peak = 1237.801 ; gain = 0.000
INFO: [Project 1-570] Preparing netlist for logic optimization

Processing XDC Constraints
Initializing timing engine
Parsing XDC File [C:/Users/louis/Desktop/AMNS_IMPLEMENTATION/VIVADO/AMNS_ARITH_HW/AMNS_ARITH_HW.srcs/constrs_1/new/AMNS_constraints.xdc]
Finished Parsing XDC File [C:/Users/louis/Desktop/AMNS_IMPLEMENTATION/VIVADO/AMNS_ARITH_HW/AMNS_ARITH_HW.srcs/constrs_1/new/AMNS_constraints.xdc]
INFO: [Project 1-236] Implementation specific constraints were found while reading constraint file [C:/Users/louis/Desktop/AMNS_IMPLEMENTATION/VIVADO/AMNS_ARITH_HW/AMNS_ARITH_HW.srcs/constrs_1/new/AMNS_constraints.xdc]. These constraints will be ignored for synthesis but will be used in implementation. Impacted constraints are listed in the file [.Xil/AMNS_arith_multiple_stage_top_propImpl.xdc].
Resolution: To avoid this warning, move constraints listed in [.Xil/AMNS_arith_multiple_stage_top_propImpl.xdc] to another XDC file and exclude this new file from synthesis with the used_in_synthesis property (File Properties dialog in GUI) and re-run elaboration/synthesis.
Completed Processing XDC Constraints

Netlist sorting complete. Time (s): cpu = 00:00:00 ; elapsed = 00:00:00.001 . Memory (MB): peak = 1372.391 ; gain = 0.000
INFO: [Project 1-111] Unisim Transformation Summary:
No Unisim elements were transformed.

Constraint Validation Runtime : Time (s): cpu = 00:00:00 ; elapsed = 00:00:00.070 . Memory (MB): peak = 1372.391 ; gain = 0.000
---------------------------------------------------------------------------------
Finished Constraint Validation : Time (s): cpu = 00:00:18 ; elapsed = 00:00:29 . Memory (MB): peak = 1372.391 ; gain = 270.109
---------------------------------------------------------------------------------
---------------------------------------------------------------------------------
Start Loading Part and Timing Information
---------------------------------------------------------------------------------
Loading part: xc7z020clg484-1
---------------------------------------------------------------------------------
Finished Loading Part and Timing Information : Time (s): cpu = 00:00:18 ; elapsed = 00:00:29 . Memory (MB): peak = 1372.391 ; gain = 270.109
---------------------------------------------------------------------------------
---------------------------------------------------------------------------------
Start Applying 'set_property' XDC Constraints
---------------------------------------------------------------------------------
---------------------------------------------------------------------------------
Finished applying 'set_property' XDC Constraints : Time (s): cpu = 00:00:18 ; elapsed = 00:00:29 . Memory (MB): peak = 1372.391 ; gain = 270.109
---------------------------------------------------------------------------------
INFO: [Synth 8-802] inferred FSM for state register 'current_state_s_reg' in module 'FSM'
---------------------------------------------------------------------------------------------------
                   State |                     New Encoding |                Previous Encoding 
---------------------------------------------------------------------------------------------------
                   reset |                         00000001 |                              000
                    idle |                         00000010 |                              001
            poly_mul_mod |                         00000100 |                              101
      poly_mul_mod_final |                         00001000 |                              110
                poly_mul |                         00010000 |                              011
          poly_mul_final |                         00100000 |                              100
            accumulation |                         01000000 |                              111
                    load |                         10000000 |                              010
---------------------------------------------------------------------------------------------------
INFO: [Synth 8-3354] encoded FSM with state register 'current_state_s_reg' using encoding 'one-hot' in module 'FSM'
---------------------------------------------------------------------------------
Finished RTL Optimization Phase 2 : Time (s): cpu = 00:00:20 ; elapsed = 00:00:32 . Memory (MB): peak = 1372.391 ; gain = 270.109
---------------------------------------------------------------------------------
---------------------------------------------------------------------------------
Start RTL Component Statistics 
---------------------------------------------------------------------------------
Detailed RTL Component Info : 
+---Adders : 
	   8 Input  128 Bit       Adders := 4     
	   2 Input  128 Bit       Adders := 4     
	   2 Input   31 Bit       Adders := 1     
	   2 Input    2 Bit       Adders := 2     
+---Registers : 
	              128 Bit    Registers := 4     
	               64 Bit    Registers := 52    
	               31 Bit    Registers := 1     
	                3 Bit    Registers := 1     
+---Muxes : 
	   2 Input  128 Bit        Muxes := 40    
	   4 Input  128 Bit        Muxes := 4     
	   2 Input   65 Bit        Muxes := 8     
	   2 Input   64 Bit        Muxes := 134   
	   4 Input   64 Bit        Muxes := 9     
	   8 Input    8 Bit        Muxes := 1     
	   2 Input    8 Bit        Muxes := 6     
	   4 Input    8 Bit        Muxes := 1     
	   2 Input    4 Bit        Muxes := 8     
	   8 Input    3 Bit        Muxes := 1     
	   2 Input    3 Bit        Muxes := 9     
	   4 Input    3 Bit        Muxes := 1     
	   2 Input    2 Bit        Muxes := 2     
	   8 Input    1 Bit        Muxes := 6     
	   2 Input    1 Bit        Muxes := 39    
---------------------------------------------------------------------------------
Finished RTL Component Statistics 
---------------------------------------------------------------------------------
---------------------------------------------------------------------------------
Start Part Resource Summary
---------------------------------------------------------------------------------
Part Resources:
DSPs: 220 (col length:60)
BRAMs: 280 (col length: RAMB18 60 RAMB36 30)
---------------------------------------------------------------------------------
Finished Part Resource Summary
---------------------------------------------------------------------------------
---------------------------------------------------------------------------------
Start Cross Boundary and Area Optimization
---------------------------------------------------------------------------------
DSP Report: Generating DSP mul_output_s[0], operation Mode is: A*B.
DSP Report: operator mul_output_s[0] is absorbed into DSP mul_output_s[0].
DSP Report: operator mul_output_s[0] is absorbed into DSP mul_output_s[0].
DSP Report: Generating DSP mul_output_s[0], operation Mode is: PCIN+A*B.
DSP Report: operator mul_output_s[0] is absorbed into DSP mul_output_s[0].
DSP Report: operator mul_output_s[0] is absorbed into DSP mul_output_s[0].
DSP Report: Generating DSP mul_output_s[0], operation Mode is: A*B.
DSP Report: operator mul_output_s[0] is absorbed into DSP mul_output_s[0].
DSP Report: operator mul_output_s[0] is absorbed into DSP mul_output_s[0].
DSP Report: Generating DSP mul_output_s[0], operation Mode is: PCIN+A*B.
DSP Report: operator mul_output_s[0] is absorbed into DSP mul_output_s[0].
DSP Report: operator mul_output_s[0] is absorbed into DSP mul_output_s[0].
DSP Report: Generating DSP mul_output_s[0], operation Mode is: A*B.
DSP Report: operator mul_output_s[0] is absorbed into DSP mul_output_s[0].
DSP Report: operator mul_output_s[0] is absorbed into DSP mul_output_s[0].
DSP Report: Generating DSP mul_output_s[0], operation Mode is: PCIN+A*B.
DSP Report: operator mul_output_s[0] is absorbed into DSP mul_output_s[0].
DSP Report: operator mul_output_s[0] is absorbed into DSP mul_output_s[0].
DSP Report: Generating DSP mul_output_s[0], operation Mode is: (PCIN>>17)+A*B.
DSP Report: operator mul_output_s[0] is absorbed into DSP mul_output_s[0].
DSP Report: operator mul_output_s[0] is absorbed into DSP mul_output_s[0].
DSP Report: Generating DSP mul_output_s[0], operation Mode is: PCIN+A*B.
DSP Report: operator mul_output_s[0] is absorbed into DSP mul_output_s[0].
DSP Report: operator mul_output_s[0] is absorbed into DSP mul_output_s[0].
DSP Report: Generating DSP mul_output_s[0], operation Mode is: A*B.
DSP Report: operator mul_output_s[0] is absorbed into DSP mul_output_s[0].
DSP Report: operator mul_output_s[0] is absorbed into DSP mul_output_s[0].
DSP Report: Generating DSP mul_output_s[0], operation Mode is: PCIN+A*B.
DSP Report: operator mul_output_s[0] is absorbed into DSP mul_output_s[0].
DSP Report: operator mul_output_s[0] is absorbed into DSP mul_output_s[0].
DSP Report: Generating DSP mul_output_s[0], operation Mode is: (PCIN>>17)+A*B.
DSP Report: operator mul_output_s[0] is absorbed into DSP mul_output_s[0].
DSP Report: operator mul_output_s[0] is absorbed into DSP mul_output_s[0].
DSP Report: Generating DSP mul_output_s[0], operation Mode is: PCIN+A*B.
DSP Report: operator mul_output_s[0] is absorbed into DSP mul_output_s[0].
DSP Report: operator mul_output_s[0] is absorbed into DSP mul_output_s[0].
DSP Report: Generating DSP mul_output_s[0], operation Mode is: A*B.
DSP Report: operator mul_output_s[0] is absorbed into DSP mul_output_s[0].
DSP Report: operator mul_output_s[0] is absorbed into DSP mul_output_s[0].
DSP Report: Generating DSP mul_output_s[0], operation Mode is: PCIN+A*B.
DSP Report: operator mul_output_s[0] is absorbed into DSP mul_output_s[0].
DSP Report: operator mul_output_s[0] is absorbed into DSP mul_output_s[0].
DSP Report: Generating DSP mul_output_s[0], operation Mode is: (PCIN>>17)+A*B.
DSP Report: operator mul_output_s[0] is absorbed into DSP mul_output_s[0].
DSP Report: operator mul_output_s[0] is absorbed into DSP mul_output_s[0].
DSP Report: Generating DSP mul_output_s[0], operation Mode is: PCIN+A*B.
DSP Report: operator mul_output_s[0] is absorbed into DSP mul_output_s[0].
DSP Report: operator mul_output_s[0] is absorbed into DSP mul_output_s[0].
DSP Report: Generating DSP mul_output_s[0], operation Mode is: A*B.
DSP Report: operator mul_output_s[0] is absorbed into DSP mul_output_s[0].
DSP Report: operator mul_output_s[0] is absorbed into DSP mul_output_s[0].
DSP Report: Generating DSP mul_output_s[0], operation Mode is: PCIN+A*B.
DSP Report: operator mul_output_s[0] is absorbed into DSP mul_output_s[0].
DSP Report: operator mul_output_s[0] is absorbed into DSP mul_output_s[0].
DSP Report: Generating DSP mul_output_s[0], operation Mode is: (PCIN>>17)+A*B.
DSP Report: operator mul_output_s[0] is absorbed into DSP mul_output_s[0].
DSP Report: operator mul_output_s[0] is absorbed into DSP mul_output_s[0].
DSP Report: Generating DSP mul_output_s[0], operation Mode is: PCIN+A*B.
DSP Report: operator mul_output_s[0] is absorbed into DSP mul_output_s[0].
DSP Report: operator mul_output_s[0] is absorbed into DSP mul_output_s[0].
DSP Report: Generating DSP mul_output_s[0], operation Mode is: A*B.
DSP Report: operator mul_output_s[0] is absorbed into DSP mul_output_s[0].
DSP Report: operator mul_output_s[0] is absorbed into DSP mul_output_s[0].
DSP Report: Generating DSP mul_output_s[0], operation Mode is: (PCIN>>17)+A*B.
DSP Report: operator mul_output_s[0] is absorbed into DSP mul_output_s[0].
DSP Report: operator mul_output_s[0] is absorbed into DSP mul_output_s[0].
DSP Report: Generating DSP mul_output_s[0], operation Mode is: PCIN+A*B.
DSP Report: operator mul_output_s[0] is absorbed into DSP mul_output_s[0].
DSP Report: operator mul_output_s[0] is absorbed into DSP mul_output_s[0].
DSP Report: Generating DSP mul_output_s[0], operation Mode is: (PCIN>>17)+A*B.
DSP Report: operator mul_output_s[0] is absorbed into DSP mul_output_s[0].
DSP Report: operator mul_output_s[0] is absorbed into DSP mul_output_s[0].
DSP Report: Generating DSP mul_output_s[1], operation Mode is: A*B.
DSP Report: operator mul_output_s[1] is absorbed into DSP mul_output_s[1].
DSP Report: operator mul_output_s[1] is absorbed into DSP mul_output_s[1].
DSP Report: Generating DSP mul_output_s[1], operation Mode is: PCIN+A*B.
DSP Report: operator mul_output_s[1] is absorbed into DSP mul_output_s[1].
DSP Report: operator mul_output_s[1] is absorbed into DSP mul_output_s[1].
DSP Report: Generating DSP mul_output_s[1], operation Mode is: A*B.
DSP Report: operator mul_output_s[1] is absorbed into DSP mul_output_s[1].
DSP Report: operator mul_output_s[1] is absorbed into DSP mul_output_s[1].
DSP Report: Generating DSP mul_output_s[1], operation Mode is: PCIN+A*B.
DSP Report: operator mul_output_s[1] is absorbed into DSP mul_output_s[1].
DSP Report: operator mul_output_s[1] is absorbed into DSP mul_output_s[1].
DSP Report: Generating DSP mul_output_s[1], operation Mode is: A*B.
DSP Report: operator mul_output_s[1] is absorbed into DSP mul_output_s[1].
DSP Report: operator mul_output_s[1] is absorbed into DSP mul_output_s[1].
DSP Report: Generating DSP mul_output_s[1], operation Mode is: PCIN+A*B.
DSP Report: operator mul_output_s[1] is absorbed into DSP mul_output_s[1].
DSP Report: operator mul_output_s[1] is absorbed into DSP mul_output_s[1].
DSP Report: Generating DSP mul_output_s[1], operation Mode is: (PCIN>>17)+A*B.
DSP Report: operator mul_output_s[1] is absorbed into DSP mul_output_s[1].
DSP Report: operator mul_output_s[1] is absorbed into DSP mul_output_s[1].
DSP Report: Generating DSP mul_output_s[1], operation Mode is: PCIN+A*B.
DSP Report: operator mul_output_s[1] is absorbed into DSP mul_output_s[1].
DSP Report: operator mul_output_s[1] is absorbed into DSP mul_output_s[1].
DSP Report: Generating DSP mul_output_s[1], operation Mode is: A*B.
DSP Report: operator mul_output_s[1] is absorbed into DSP mul_output_s[1].
DSP Report: operator mul_output_s[1] is absorbed into DSP mul_output_s[1].
DSP Report: Generating DSP mul_output_s[1], operation Mode is: PCIN+A*B.
DSP Report: operator mul_output_s[1] is absorbed into DSP mul_output_s[1].
DSP Report: operator mul_output_s[1] is absorbed into DSP mul_output_s[1].
DSP Report: Generating DSP mul_output_s[1], operation Mode is: (PCIN>>17)+A*B.
DSP Report: operator mul_output_s[1] is absorbed into DSP mul_output_s[1].
DSP Report: operator mul_output_s[1] is absorbed into DSP mul_output_s[1].
DSP Report: Generating DSP mul_output_s[1], operation Mode is: PCIN+A*B.
DSP Report: operator mul_output_s[1] is absorbed into DSP mul_output_s[1].
DSP Report: operator mul_output_s[1] is absorbed into DSP mul_output_s[1].
DSP Report: Generating DSP mul_output_s[1], operation Mode is: A*B.
DSP Report: operator mul_output_s[1] is absorbed into DSP mul_output_s[1].
DSP Report: operator mul_output_s[1] is absorbed into DSP mul_output_s[1].
DSP Report: Generating DSP mul_output_s[1], operation Mode is: PCIN+A*B.
DSP Report: operator mul_output_s[1] is absorbed into DSP mul_output_s[1].
DSP Report: operator mul_output_s[1] is absorbed into DSP mul_output_s[1].
DSP Report: Generating DSP mul_output_s[1], operation Mode is: (PCIN>>17)+A*B.
DSP Report: operator mul_output_s[1] is absorbed into DSP mul_output_s[1].
DSP Report: operator mul_output_s[1] is absorbed into DSP mul_output_s[1].
DSP Report: Generating DSP mul_output_s[1], operation Mode is: PCIN+A*B.
DSP Report: operator mul_output_s[1] is absorbed into DSP mul_output_s[1].
DSP Report: operator mul_output_s[1] is absorbed into DSP mul_output_s[1].
DSP Report: Generating DSP mul_output_s[1], operation Mode is: A*B.
DSP Report: operator mul_output_s[1] is absorbed into DSP mul_output_s[1].
DSP Report: operator mul_output_s[1] is absorbed into DSP mul_output_s[1].
DSP Report: Generating DSP mul_output_s[1], operation Mode is: PCIN+A*B.
DSP Report: operator mul_output_s[1] is absorbed into DSP mul_output_s[1].
DSP Report: operator mul_output_s[1] is absorbed into DSP mul_output_s[1].
DSP Report: Generating DSP mul_output_s[1], operation Mode is: (PCIN>>17)+A*B.
DSP Report: operator mul_output_s[1] is absorbed into DSP mul_output_s[1].
DSP Report: operator mul_output_s[1] is absorbed into DSP mul_output_s[1].
DSP Report: Generating DSP mul_output_s[1], operation Mode is: PCIN+A*B.
DSP Report: operator mul_output_s[1] is absorbed into DSP mul_output_s[1].
DSP Report: operator mul_output_s[1] is absorbed into DSP mul_output_s[1].
DSP Report: Generating DSP mul_output_s[1], operation Mode is: A*B.
DSP Report: operator mul_output_s[1] is absorbed into DSP mul_output_s[1].
DSP Report: operator mul_output_s[1] is absorbed into DSP mul_output_s[1].
DSP Report: Generating DSP mul_output_s[1], operation Mode is: (PCIN>>17)+A*B.
DSP Report: operator mul_output_s[1] is absorbed into DSP mul_output_s[1].
DSP Report: operator mul_output_s[1] is absorbed into DSP mul_output_s[1].
DSP Report: Generating DSP mul_output_s[1], operation Mode is: PCIN+A*B.
DSP Report: operator mul_output_s[1] is absorbed into DSP mul_output_s[1].
DSP Report: operator mul_output_s[1] is absorbed into DSP mul_output_s[1].
DSP Report: Generating DSP mul_output_s[1], operation Mode is: (PCIN>>17)+A*B.
DSP Report: operator mul_output_s[1] is absorbed into DSP mul_output_s[1].
DSP Report: operator mul_output_s[1] is absorbed into DSP mul_output_s[1].
DSP Report: Generating DSP mul_output_s[2], operation Mode is: A*B.
DSP Report: operator mul_output_s[2] is absorbed into DSP mul_output_s[2].
DSP Report: operator mul_output_s[2] is absorbed into DSP mul_output_s[2].
DSP Report: Generating DSP mul_output_s[2], operation Mode is: PCIN+A*B.
DSP Report: operator mul_output_s[2] is absorbed into DSP mul_output_s[2].
DSP Report: operator mul_output_s[2] is absorbed into DSP mul_output_s[2].
DSP Report: Generating DSP mul_output_s[2], operation Mode is: A*B.
DSP Report: operator mul_output_s[2] is absorbed into DSP mul_output_s[2].
DSP Report: operator mul_output_s[2] is absorbed into DSP mul_output_s[2].
DSP Report: Generating DSP mul_output_s[2], operation Mode is: PCIN+A*B.
DSP Report: operator mul_output_s[2] is absorbed into DSP mul_output_s[2].
DSP Report: operator mul_output_s[2] is absorbed into DSP mul_output_s[2].
DSP Report: Generating DSP mul_output_s[2], operation Mode is: A*B.
DSP Report: operator mul_output_s[2] is absorbed into DSP mul_output_s[2].
DSP Report: operator mul_output_s[2] is absorbed into DSP mul_output_s[2].
DSP Report: Generating DSP mul_output_s[2], operation Mode is: PCIN+A*B.
DSP Report: operator mul_output_s[2] is absorbed into DSP mul_output_s[2].
DSP Report: operator mul_output_s[2] is absorbed into DSP mul_output_s[2].
DSP Report: Generating DSP mul_output_s[2], operation Mode is: (PCIN>>17)+A*B.
DSP Report: operator mul_output_s[2] is absorbed into DSP mul_output_s[2].
DSP Report: operator mul_output_s[2] is absorbed into DSP mul_output_s[2].
DSP Report: Generating DSP mul_output_s[2], operation Mode is: PCIN+A*B.
DSP Report: operator mul_output_s[2] is absorbed into DSP mul_output_s[2].
DSP Report: operator mul_output_s[2] is absorbed into DSP mul_output_s[2].
DSP Report: Generating DSP mul_output_s[2], operation Mode is: A*B.
DSP Report: operator mul_output_s[2] is absorbed into DSP mul_output_s[2].
DSP Report: operator mul_output_s[2] is absorbed into DSP mul_output_s[2].
DSP Report: Generating DSP mul_output_s[2], operation Mode is: PCIN+A*B.
DSP Report: operator mul_output_s[2] is absorbed into DSP mul_output_s[2].
DSP Report: operator mul_output_s[2] is absorbed into DSP mul_output_s[2].
DSP Report: Generating DSP mul_output_s[2], operation Mode is: (PCIN>>17)+A*B.
DSP Report: operator mul_output_s[2] is absorbed into DSP mul_output_s[2].
DSP Report: operator mul_output_s[2] is absorbed into DSP mul_output_s[2].
DSP Report: Generating DSP mul_output_s[2], operation Mode is: PCIN+A*B.
DSP Report: operator mul_output_s[2] is absorbed into DSP mul_output_s[2].
DSP Report: operator mul_output_s[2] is absorbed into DSP mul_output_s[2].
DSP Report: Generating DSP mul_output_s[2], operation Mode is: A*B.
DSP Report: operator mul_output_s[2] is absorbed into DSP mul_output_s[2].
DSP Report: operator mul_output_s[2] is absorbed into DSP mul_output_s[2].
DSP Report: Generating DSP mul_output_s[2], operation Mode is: PCIN+A*B.
DSP Report: operator mul_output_s[2] is absorbed into DSP mul_output_s[2].
DSP Report: operator mul_output_s[2] is absorbed into DSP mul_output_s[2].
DSP Report: Generating DSP mul_output_s[2], operation Mode is: (PCIN>>17)+A*B.
DSP Report: operator mul_output_s[2] is absorbed into DSP mul_output_s[2].
DSP Report: operator mul_output_s[2] is absorbed into DSP mul_output_s[2].
DSP Report: Generating DSP mul_output_s[2], operation Mode is: PCIN+A*B.
DSP Report: operator mul_output_s[2] is absorbed into DSP mul_output_s[2].
DSP Report: operator mul_output_s[2] is absorbed into DSP mul_output_s[2].
DSP Report: Generating DSP mul_output_s[2], operation Mode is: A*B.
DSP Report: operator mul_output_s[2] is absorbed into DSP mul_output_s[2].
DSP Report: operator mul_output_s[2] is absorbed into DSP mul_output_s[2].
DSP Report: Generating DSP mul_output_s[2], operation Mode is: PCIN+A*B.
DSP Report: operator mul_output_s[2] is absorbed into DSP mul_output_s[2].
DSP Report: operator mul_output_s[2] is absorbed into DSP mul_output_s[2].
DSP Report: Generating DSP mul_output_s[2], operation Mode is: (PCIN>>17)+A*B.
DSP Report: operator mul_output_s[2] is absorbed into DSP mul_output_s[2].
DSP Report: operator mul_output_s[2] is absorbed into DSP mul_output_s[2].
DSP Report: Generating DSP mul_output_s[2], operation Mode is: PCIN+A*B.
DSP Report: operator mul_output_s[2] is absorbed into DSP mul_output_s[2].
DSP Report: operator mul_output_s[2] is absorbed into DSP mul_output_s[2].
DSP Report: Generating DSP mul_output_s[2], operation Mode is: A*B.
DSP Report: operator mul_output_s[2] is absorbed into DSP mul_output_s[2].
DSP Report: operator mul_output_s[2] is absorbed into DSP mul_output_s[2].
DSP Report: Generating DSP mul_output_s[2], operation Mode is: (PCIN>>17)+A*B.
DSP Report: operator mul_output_s[2] is absorbed into DSP mul_output_s[2].
DSP Report: operator mul_output_s[2] is absorbed into DSP mul_output_s[2].
DSP Report: Generating DSP mul_output_s[2], operation Mode is: PCIN+A*B.
DSP Report: operator mul_output_s[2] is absorbed into DSP mul_output_s[2].
DSP Report: operator mul_output_s[2] is absorbed into DSP mul_output_s[2].
DSP Report: Generating DSP mul_output_s[2], operation Mode is: (PCIN>>17)+A*B.
DSP Report: operator mul_output_s[2] is absorbed into DSP mul_output_s[2].
DSP Report: operator mul_output_s[2] is absorbed into DSP mul_output_s[2].
DSP Report: Generating DSP mul_output_s[3], operation Mode is: A*B.
DSP Report: operator mul_output_s[3] is absorbed into DSP mul_output_s[3].
DSP Report: operator mul_output_s[3] is absorbed into DSP mul_output_s[3].
DSP Report: Generating DSP mul_output_s[3], operation Mode is: PCIN+A*B.
DSP Report: operator mul_output_s[3] is absorbed into DSP mul_output_s[3].
DSP Report: operator mul_output_s[3] is absorbed into DSP mul_output_s[3].
DSP Report: Generating DSP mul_output_s[3], operation Mode is: A*B.
DSP Report: operator mul_output_s[3] is absorbed into DSP mul_output_s[3].
DSP Report: operator mul_output_s[3] is absorbed into DSP mul_output_s[3].
DSP Report: Generating DSP mul_output_s[3], operation Mode is: PCIN+A*B.
DSP Report: operator mul_output_s[3] is absorbed into DSP mul_output_s[3].
DSP Report: operator mul_output_s[3] is absorbed into DSP mul_output_s[3].
DSP Report: Generating DSP mul_output_s[3], operation Mode is: A*B.
DSP Report: operator mul_output_s[3] is absorbed into DSP mul_output_s[3].
DSP Report: operator mul_output_s[3] is absorbed into DSP mul_output_s[3].
DSP Report: Generating DSP mul_output_s[3], operation Mode is: PCIN+A*B.
DSP Report: operator mul_output_s[3] is absorbed into DSP mul_output_s[3].
DSP Report: operator mul_output_s[3] is absorbed into DSP mul_output_s[3].
DSP Report: Generating DSP mul_output_s[3], operation Mode is: (PCIN>>17)+A*B.
DSP Report: operator mul_output_s[3] is absorbed into DSP mul_output_s[3].
DSP Report: operator mul_output_s[3] is absorbed into DSP mul_output_s[3].
DSP Report: Generating DSP mul_output_s[3], operation Mode is: PCIN+A*B.
DSP Report: operator mul_output_s[3] is absorbed into DSP mul_output_s[3].
DSP Report: operator mul_output_s[3] is absorbed into DSP mul_output_s[3].
DSP Report: Generating DSP mul_output_s[3], operation Mode is: A*B.
DSP Report: operator mul_output_s[3] is absorbed into DSP mul_output_s[3].
DSP Report: operator mul_output_s[3] is absorbed into DSP mul_output_s[3].
DSP Report: Generating DSP mul_output_s[3], operation Mode is: PCIN+A*B.
DSP Report: operator mul_output_s[3] is absorbed into DSP mul_output_s[3].
DSP Report: operator mul_output_s[3] is absorbed into DSP mul_output_s[3].
DSP Report: Generating DSP mul_output_s[3], operation Mode is: (PCIN>>17)+A*B.
DSP Report: operator mul_output_s[3] is absorbed into DSP mul_output_s[3].
DSP Report: operator mul_output_s[3] is absorbed into DSP mul_output_s[3].
DSP Report: Generating DSP mul_output_s[3], operation Mode is: PCIN+A*B.
DSP Report: operator mul_output_s[3] is absorbed into DSP mul_output_s[3].
DSP Report: operator mul_output_s[3] is absorbed into DSP mul_output_s[3].
DSP Report: Generating DSP mul_output_s[3], operation Mode is: A*B.
DSP Report: operator mul_output_s[3] is absorbed into DSP mul_output_s[3].
DSP Report: operator mul_output_s[3] is absorbed into DSP mul_output_s[3].
DSP Report: Generating DSP mul_output_s[3], operation Mode is: PCIN+A*B.
DSP Report: operator mul_output_s[3] is absorbed into DSP mul_output_s[3].
DSP Report: operator mul_output_s[3] is absorbed into DSP mul_output_s[3].
DSP Report: Generating DSP mul_output_s[3], operation Mode is: (PCIN>>17)+A*B.
DSP Report: operator mul_output_s[3] is absorbed into DSP mul_output_s[3].
DSP Report: operator mul_output_s[3] is absorbed into DSP mul_output_s[3].
DSP Report: Generating DSP mul_output_s[3], operation Mode is: PCIN+A*B.
DSP Report: operator mul_output_s[3] is absorbed into DSP mul_output_s[3].
DSP Report: operator mul_output_s[3] is absorbed into DSP mul_output_s[3].
DSP Report: Generating DSP mul_output_s[3], operation Mode is: A*B.
DSP Report: operator mul_output_s[3] is absorbed into DSP mul_output_s[3].
DSP Report: operator mul_output_s[3] is absorbed into DSP mul_output_s[3].
DSP Report: Generating DSP mul_output_s[3], operation Mode is: PCIN+A*B.
DSP Report: operator mul_output_s[3] is absorbed into DSP mul_output_s[3].
DSP Report: operator mul_output_s[3] is absorbed into DSP mul_output_s[3].
DSP Report: Generating DSP mul_output_s[3], operation Mode is: (PCIN>>17)+A*B.
DSP Report: operator mul_output_s[3] is absorbed into DSP mul_output_s[3].
DSP Report: operator mul_output_s[3] is absorbed into DSP mul_output_s[3].
DSP Report: Generating DSP mul_output_s[3], operation Mode is: PCIN+A*B.
DSP Report: operator mul_output_s[3] is absorbed into DSP mul_output_s[3].
DSP Report: operator mul_output_s[3] is absorbed into DSP mul_output_s[3].
DSP Report: Generating DSP mul_output_s[3], operation Mode is: A*B.
DSP Report: operator mul_output_s[3] is absorbed into DSP mul_output_s[3].
DSP Report: operator mul_output_s[3] is absorbed into DSP mul_output_s[3].
DSP Report: Generating DSP mul_output_s[3], operation Mode is: (PCIN>>17)+A*B.
DSP Report: operator mul_output_s[3] is absorbed into DSP mul_output_s[3].
DSP Report: operator mul_output_s[3] is absorbed into DSP mul_output_s[3].
DSP Report: Generating DSP mul_output_s[3], operation Mode is: PCIN+A*B.
DSP Report: operator mul_output_s[3] is absorbed into DSP mul_output_s[3].
DSP Report: operator mul_output_s[3] is absorbed into DSP mul_output_s[3].
DSP Report: Generating DSP mul_output_s[3], operation Mode is: (PCIN>>17)+A*B.
DSP Report: operator mul_output_s[3] is absorbed into DSP mul_output_s[3].
DSP Report: operator mul_output_s[3] is absorbed into DSP mul_output_s[3].
---------------------------------------------------------------------------------
Finished Cross Boundary and Area Optimization : Time (s): cpu = 00:05:23 ; elapsed = 00:05:42 . Memory (MB): peak = 1372.391 ; gain = 270.109
---------------------------------------------------------------------------------
---------------------------------------------------------------------------------
Start ROM, RAM, DSP, Shift Register and Retiming Reporting
---------------------------------------------------------------------------------

DSP: Preliminary Mapping	Report (see note below)
+-------------------+----------------+--------+--------+--------+--------+--------+------+------+------+------+-------+------+------+
|Module Name        | DSP Mapping    | A Size | B Size | C Size | D Size | P Size | AREG | BREG | CREG | DREG | ADREG | MREG | PREG | 
+-------------------+----------------+--------+--------+--------+--------+--------+------+------+------+------+-------+------+------+
|ALU_multiple_stage | A*B            | 18     | 18     | -      | -      | 48     | 0    | 0    | -    | -    | -     | 0    | 0    | 
|ALU_multiple_stage | PCIN+A*B       | 18     | 14     | -      | -      | 48     | 0    | 0    | -    | -    | -     | 0    | 0    | 
|ALU_multiple_stage | A*B            | 18     | 18     | -      | -      | 48     | 0    | 0    | -    | -    | -     | 0    | 0    | 
|ALU_multiple_stage | PCIN+A*B       | 18     | 14     | -      | -      | 48     | 0    | 0    | -    | -    | -     | 0    | 0    | 
|ALU_multiple_stage | A*B            | 18     | 18     | -      | -      | 48     | 0    | 0    | -    | -    | -     | 0    | 0    | 
|ALU_multiple_stage | PCIN+A*B       | 18     | 14     | -      | -      | 48     | 0    | 0    | -    | -    | -     | 0    | 0    | 
|ALU_multiple_stage | (PCIN>>17)+A*B | 18     | 18     | -      | -      | 26     | 0    | 0    | -    | -    | -     | 0    | 0    | 
|ALU_multiple_stage | PCIN+A*B       | 18     | 18     | -      | -      | 26     | 0    | 0    | -    | -    | -     | 0    | 0    | 
|ALU_multiple_stage | A*B            | 18     | 18     | -      | -      | 48     | 0    | 0    | -    | -    | -     | 0    | 0    | 
|ALU_multiple_stage | PCIN+A*B       | 18     | 14     | -      | -      | 48     | 0    | 0    | -    | -    | -     | 0    | 0    | 
|ALU_multiple_stage | (PCIN>>17)+A*B | 18     | 18     | -      | -      | 43     | 0    | 0    | -    | -    | -     | 0    | 0    | 
|ALU_multiple_stage | PCIN+A*B       | 18     | 18     | -      | -      | 43     | 0    | 0    | -    | -    | -     | 0    | 0    | 
|ALU_multiple_stage | A*B            | 18     | 18     | -      | -      | 48     | 0    | 0    | -    | -    | -     | 0    | 0    | 
|ALU_multiple_stage | PCIN+A*B       | 18     | 14     | -      | -      | 48     | 0    | 0    | -    | -    | -     | 0    | 0    | 
|ALU_multiple_stage | (PCIN>>17)+A*B | 18     | 18     | -      | -      | 48     | 0    | 0    | -    | -    | -     | 0    | 0    | 
|ALU_multiple_stage | PCIN+A*B       | 18     | 18     | -      | -      | 48     | 0    | 0    | -    | -    | -     | 0    | 0    | 
|ALU_multiple_stage | A*B            | 18     | 18     | -      | -      | 48     | 0    | 0    | -    | -    | -     | 0    | 0    | 
|ALU_multiple_stage | PCIN+A*B       | 18     | 18     | -      | -      | 48     | 0    | 0    | -    | -    | -     | 0    | 0    | 
|ALU_multiple_stage | (PCIN>>17)+A*B | 18     | 18     | -      | -      | 48     | 0    | 0    | -    | -    | -     | 0    | 0    | 
|ALU_multiple_stage | PCIN+A*B       | 18     | 18     | -      | -      | 48     | 0    | 0    | -    | -    | -     | 0    | 0    | 
|ALU_multiple_stage | A*B            | 18     | 18     | -      | -      | 48     | 0    | 0    | -    | -    | -     | 0    | 0    | 
|ALU_multiple_stage | (PCIN>>17)+A*B | 18     | 18     | -      | -      | 48     | 0    | 0    | -    | -    | -     | 0    | 0    | 
|ALU_multiple_stage | PCIN+A*B       | 18     | 18     | -      | -      | 48     | 0    | 0    | -    | -    | -     | 0    | 0    | 
|ALU_multiple_stage | (PCIN>>17)+A*B | 18     | 18     | -      | -      | 48     | 0    | 0    | -    | -    | -     | 0    | 0    | 
|ALU_multiple_stage | A*B            | 18     | 18     | -      | -      | 48     | 0    | 0    | -    | -    | -     | 0    | 0    | 
|ALU_multiple_stage | PCIN+A*B       | 18     | 14     | -      | -      | 48     | 0    | 0    | -    | -    | -     | 0    | 0    | 
|ALU_multiple_stage | A*B            | 18     | 18     | -      | -      | 48     | 0    | 0    | -    | -    | -     | 0    | 0    | 
|ALU_multiple_stage | PCIN+A*B       | 18     | 14     | -      | -      | 48     | 0    | 0    | -    | -    | -     | 0    | 0    | 
|ALU_multiple_stage | A*B            | 18     | 18     | -      | -      | 48     | 0    | 0    | -    | -    | -     | 0    | 0    | 
|ALU_multiple_stage | PCIN+A*B       | 18     | 14     | -      | -      | 48     | 0    | 0    | -    | -    | -     | 0    | 0    | 
|ALU_multiple_stage | (PCIN>>17)+A*B | 18     | 18     | -      | -      | 26     | 0    | 0    | -    | -    | -     | 0    | 0    | 
|ALU_multiple_stage | PCIN+A*B       | 18     | 18     | -      | -      | 26     | 0    | 0    | -    | -    | -     | 0    | 0    | 
|ALU_multiple_stage | A*B            | 18     | 18     | -      | -      | 48     | 0    | 0    | -    | -    | -     | 0    | 0    | 
|ALU_multiple_stage | PCIN+A*B       | 18     | 14     | -      | -      | 48     | 0    | 0    | -    | -    | -     | 0    | 0    | 
|ALU_multiple_stage | (PCIN>>17)+A*B | 18     | 18     | -      | -      | 43     | 0    | 0    | -    | -    | -     | 0    | 0    | 
|ALU_multiple_stage | PCIN+A*B       | 18     | 18     | -      | -      | 43     | 0    | 0    | -    | -    | -     | 0    | 0    | 
|ALU_multiple_stage | A*B            | 18     | 18     | -      | -      | 48     | 0    | 0    | -    | -    | -     | 0    | 0    | 
|ALU_multiple_stage | PCIN+A*B       | 18     | 14     | -      | -      | 48     | 0    | 0    | -    | -    | -     | 0    | 0    | 
|ALU_multiple_stage | (PCIN>>17)+A*B | 18     | 18     | -      | -      | 48     | 0    | 0    | -    | -    | -     | 0    | 0    | 
|ALU_multiple_stage | PCIN+A*B       | 18     | 18     | -      | -      | 48     | 0    | 0    | -    | -    | -     | 0    | 0    | 
|ALU_multiple_stage | A*B            | 18     | 18     | -      | -      | 48     | 0    | 0    | -    | -    | -     | 0    | 0    | 
|ALU_multiple_stage | PCIN+A*B       | 18     | 18     | -      | -      | 48     | 0    | 0    | -    | -    | -     | 0    | 0    | 
|ALU_multiple_stage | (PCIN>>17)+A*B | 18     | 18     | -      | -      | 48     | 0    | 0    | -    | -    | -     | 0    | 0    | 
|ALU_multiple_stage | PCIN+A*B       | 18     | 18     | -      | -      | 48     | 0    | 0    | -    | -    | -     | 0    | 0    | 
|ALU_multiple_stage | A*B            | 18     | 18     | -      | -      | 48     | 0    | 0    | -    | -    | -     | 0    | 0    | 
|ALU_multiple_stage | (PCIN>>17)+A*B | 18     | 18     | -      | -      | 48     | 0    | 0    | -    | -    | -     | 0    | 0    | 
|ALU_multiple_stage | PCIN+A*B       | 18     | 18     | -      | -      | 48     | 0    | 0    | -    | -    | -     | 0    | 0    | 
|ALU_multiple_stage | (PCIN>>17)+A*B | 18     | 18     | -      | -      | 48     | 0    | 0    | -    | -    | -     | 0    | 0    | 
|ALU_multiple_stage | A*B            | 18     | 18     | -      | -      | 48     | 0    | 0    | -    | -    | -     | 0    | 0    | 
|ALU_multiple_stage | PCIN+A*B       | 18     | 14     | -      | -      | 48     | 0    | 0    | -    | -    | -     | 0    | 0    | 
|ALU_multiple_stage | A*B            | 18     | 18     | -      | -      | 48     | 0    | 0    | -    | -    | -     | 0    | 0    | 
|ALU_multiple_stage | PCIN+A*B       | 18     | 14     | -      | -      | 48     | 0    | 0    | -    | -    | -     | 0    | 0    | 
|ALU_multiple_stage | A*B            | 18     | 18     | -      | -      | 48     | 0    | 0    | -    | -    | -     | 0    | 0    | 
|ALU_multiple_stage | PCIN+A*B       | 18     | 14     | -      | -      | 48     | 0    | 0    | -    | -    | -     | 0    | 0    | 
|ALU_multiple_stage | (PCIN>>17)+A*B | 18     | 18     | -      | -      | 26     | 0    | 0    | -    | -    | -     | 0    | 0    | 
|ALU_multiple_stage | PCIN+A*B       | 18     | 18     | -      | -      | 26     | 0    | 0    | -    | -    | -     | 0    | 0    | 
|ALU_multiple_stage | A*B            | 18     | 18     | -      | -      | 48     | 0    | 0    | -    | -    | -     | 0    | 0    | 
|ALU_multiple_stage | PCIN+A*B       | 18     | 14     | -      | -      | 48     | 0    | 0    | -    | -    | -     | 0    | 0    | 
|ALU_multiple_stage | (PCIN>>17)+A*B | 18     | 18     | -      | -      | 43     | 0    | 0    | -    | -    | -     | 0    | 0    | 
|ALU_multiple_stage | PCIN+A*B       | 18     | 18     | -      | -      | 43     | 0    | 0    | -    | -    | -     | 0    | 0    | 
|ALU_multiple_stage | A*B            | 18     | 18     | -      | -      | 48     | 0    | 0    | -    | -    | -     | 0    | 0    | 
|ALU_multiple_stage | PCIN+A*B       | 18     | 14     | -      | -      | 48     | 0    | 0    | -    | -    | -     | 0    | 0    | 
|ALU_multiple_stage | (PCIN>>17)+A*B | 18     | 18     | -      | -      | 48     | 0    | 0    | -    | -    | -     | 0    | 0    | 
|ALU_multiple_stage | PCIN+A*B       | 18     | 18     | -      | -      | 48     | 0    | 0    | -    | -    | -     | 0    | 0    | 
|ALU_multiple_stage | A*B            | 18     | 18     | -      | -      | 48     | 0    | 0    | -    | -    | -     | 0    | 0    | 
|ALU_multiple_stage | PCIN+A*B       | 18     | 18     | -      | -      | 48     | 0    | 0    | -    | -    | -     | 0    | 0    | 
|ALU_multiple_stage | (PCIN>>17)+A*B | 18     | 18     | -      | -      | 48     | 0    | 0    | -    | -    | -     | 0    | 0    | 
|ALU_multiple_stage | PCIN+A*B       | 18     | 18     | -      | -      | 48     | 0    | 0    | -    | -    | -     | 0    | 0    | 
|ALU_multiple_stage | A*B            | 18     | 18     | -      | -      | 48     | 0    | 0    | -    | -    | -     | 0    | 0    | 
|ALU_multiple_stage | (PCIN>>17)+A*B | 18     | 18     | -      | -      | 48     | 0    | 0    | -    | -    | -     | 0    | 0    | 
|ALU_multiple_stage | PCIN+A*B       | 18     | 18     | -      | -      | 48     | 0    | 0    | -    | -    | -     | 0    | 0    | 
|ALU_multiple_stage | (PCIN>>17)+A*B | 18     | 18     | -      | -      | 48     | 0    | 0    | -    | -    | -     | 0    | 0    | 
|ALU_multiple_stage | A*B            | 18     | 18     | -      | -      | 48     | 0    | 0    | -    | -    | -     | 0    | 0    | 
|ALU_multiple_stage | PCIN+A*B       | 18     | 14     | -      | -      | 48     | 0    | 0    | -    | -    | -     | 0    | 0    | 
|ALU_multiple_stage | A*B            | 18     | 18     | -      | -      | 48     | 0    | 0    | -    | -    | -     | 0    | 0    | 
|ALU_multiple_stage | PCIN+A*B       | 18     | 14     | -      | -      | 48     | 0    | 0    | -    | -    | -     | 0    | 0    | 
|ALU_multiple_stage | A*B            | 18     | 18     | -      | -      | 48     | 0    | 0    | -    | -    | -     | 0    | 0    | 
|ALU_multiple_stage | PCIN+A*B       | 18     | 14     | -      | -      | 48     | 0    | 0    | -    | -    | -     | 0    | 0    | 
|ALU_multiple_stage | (PCIN>>17)+A*B | 18     | 18     | -      | -      | 26     | 0    | 0    | -    | -    | -     | 0    | 0    | 
|ALU_multiple_stage | PCIN+A*B       | 18     | 18     | -      | -      | 26     | 0    | 0    | -    | -    | -     | 0    | 0    | 
|ALU_multiple_stage | A*B            | 18     | 18     | -      | -      | 48     | 0    | 0    | -    | -    | -     | 0    | 0    | 
|ALU_multiple_stage | PCIN+A*B       | 18     | 14     | -      | -      | 48     | 0    | 0    | -    | -    | -     | 0    | 0    | 
|ALU_multiple_stage | (PCIN>>17)+A*B | 18     | 18     | -      | -      | 43     | 0    | 0    | -    | -    | -     | 0    | 0    | 
|ALU_multiple_stage | PCIN+A*B       | 18     | 18     | -      | -      | 43     | 0    | 0    | -    | -    | -     | 0    | 0    | 
|ALU_multiple_stage | A*B            | 18     | 18     | -      | -      | 48     | 0    | 0    | -    | -    | -     | 0    | 0    | 
|ALU_multiple_stage | PCIN+A*B       | 18     | 14     | -      | -      | 48     | 0    | 0    | -    | -    | -     | 0    | 0    | 
|ALU_multiple_stage | (PCIN>>17)+A*B | 18     | 18     | -      | -      | 48     | 0    | 0    | -    | -    | -     | 0    | 0    | 
|ALU_multiple_stage | PCIN+A*B       | 18     | 18     | -      | -      | 48     | 0    | 0    | -    | -    | -     | 0    | 0    | 
|ALU_multiple_stage | A*B            | 18     | 18     | -      | -      | 48     | 0    | 0    | -    | -    | -     | 0    | 0    | 
|ALU_multiple_stage | PCIN+A*B       | 18     | 18     | -      | -      | 48     | 0    | 0    | -    | -    | -     | 0    | 0    | 
|ALU_multiple_stage | (PCIN>>17)+A*B | 18     | 18     | -      | -      | 48     | 0    | 0    | -    | -    | -     | 0    | 0    | 
|ALU_multiple_stage | PCIN+A*B       | 18     | 18     | -      | -      | 48     | 0    | 0    | -    | -    | -     | 0    | 0    | 
|ALU_multiple_stage | A*B            | 18     | 18     | -      | -      | 48     | 0    | 0    | -    | -    | -     | 0    | 0    | 
|ALU_multiple_stage | (PCIN>>17)+A*B | 18     | 18     | -      | -      | 48     | 0    | 0    | -    | -    | -     | 0    | 0    | 
|ALU_multiple_stage | PCIN+A*B       | 18     | 18     | -      | -      | 48     | 0    | 0    | -    | -    | -     | 0    | 0    | 
|ALU_multiple_stage | (PCIN>>17)+A*B | 18     | 18     | -      | -      | 48     | 0    | 0    | -    | -    | -     | 0    | 0    | 
+-------------------+----------------+--------+--------+--------+--------+--------+------+------+------+------+-------+------+------+

Note: The table above is a preliminary report that shows the DSPs inferred at the current stage of the synthesis flow. Some DSP may be reimplemented as non DSP primitives later in the synthesis flow. Multiple instantiated DSPs are reported only once.
---------------------------------------------------------------------------------
Finished ROM, RAM, DSP, Shift Register and Retiming Reporting
---------------------------------------------------------------------------------
---------------------------------------------------------------------------------
Start Applying XDC Timing Constraints
---------------------------------------------------------------------------------
---------------------------------------------------------------------------------
Finished Applying XDC Timing Constraints : Time (s): cpu = 00:05:37 ; elapsed = 00:05:58 . Memory (MB): peak = 1389.465 ; gain = 287.184
---------------------------------------------------------------------------------
---------------------------------------------------------------------------------
Start Timing Optimization
---------------------------------------------------------------------------------
---------------------------------------------------------------------------------
Finished Timing Optimization : Time (s): cpu = 00:06:14 ; elapsed = 00:06:36 . Memory (MB): peak = 1592.980 ; gain = 490.699
---------------------------------------------------------------------------------
---------------------------------------------------------------------------------
Start Technology Mapping
---------------------------------------------------------------------------------
---------------------------------------------------------------------------------
Finished Technology Mapping : Time (s): cpu = 00:06:30 ; elapsed = 00:06:53 . Memory (MB): peak = 1664.656 ; gain = 562.375
---------------------------------------------------------------------------------
---------------------------------------------------------------------------------
Start IO Insertion
---------------------------------------------------------------------------------
---------------------------------------------------------------------------------
Start Flattening Before IO Insertion
---------------------------------------------------------------------------------
---------------------------------------------------------------------------------
Finished Flattening Before IO Insertion
---------------------------------------------------------------------------------
---------------------------------------------------------------------------------
Start Final Netlist Cleanup
---------------------------------------------------------------------------------
---------------------------------------------------------------------------------
Finished Final Netlist Cleanup
---------------------------------------------------------------------------------
---------------------------------------------------------------------------------
Finished IO Insertion : Time (s): cpu = 00:06:37 ; elapsed = 00:07:00 . Memory (MB): peak = 1679.063 ; gain = 576.781
---------------------------------------------------------------------------------
---------------------------------------------------------------------------------
Start Renaming Generated Instances
---------------------------------------------------------------------------------
---------------------------------------------------------------------------------
Finished Renaming Generated Instances : Time (s): cpu = 00:06:37 ; elapsed = 00:07:00 . Memory (MB): peak = 1679.063 ; gain = 576.781
---------------------------------------------------------------------------------
---------------------------------------------------------------------------------
Start Rebuilding User Hierarchy
---------------------------------------------------------------------------------
---------------------------------------------------------------------------------
Finished Rebuilding User Hierarchy : Time (s): cpu = 00:06:43 ; elapsed = 00:07:06 . Memory (MB): peak = 1679.063 ; gain = 576.781
---------------------------------------------------------------------------------
---------------------------------------------------------------------------------
Start Renaming Generated Ports
---------------------------------------------------------------------------------
---------------------------------------------------------------------------------
Finished Renaming Generated Ports : Time (s): cpu = 00:06:43 ; elapsed = 00:07:07 . Memory (MB): peak = 1679.063 ; gain = 576.781
---------------------------------------------------------------------------------
---------------------------------------------------------------------------------
Start Handling Custom Attributes
---------------------------------------------------------------------------------
---------------------------------------------------------------------------------
Finished Handling Custom Attributes : Time (s): cpu = 00:06:43 ; elapsed = 00:07:07 . Memory (MB): peak = 1679.063 ; gain = 576.781
---------------------------------------------------------------------------------
---------------------------------------------------------------------------------
Start Renaming Generated Nets
---------------------------------------------------------------------------------
---------------------------------------------------------------------------------
Finished Renaming Generated Nets : Time (s): cpu = 00:06:43 ; elapsed = 00:07:07 . Memory (MB): peak = 1679.063 ; gain = 576.781
---------------------------------------------------------------------------------
---------------------------------------------------------------------------------
Start Writing Synthesis Report
---------------------------------------------------------------------------------

Report BlackBoxes: 
+-+--------------+----------+
| |BlackBox name |Instances |
+-+--------------+----------+
+-+--------------+----------+

Report Cell Usage: 
+------+--------+------+
|      |Cell    |Count |
+------+--------+------+
|1     |BUFG    |     1|
|2     |CARRY4  |   405|
|3     |DSP48E1 |    96|
|4     |LUT1    |     1|
|5     |LUT2    |   868|
|6     |LUT3    |  1086|
|7     |LUT4    |  1592|
|8     |LUT5    |  1574|
|9     |LUT6    |  2761|
|10    |MUXF7   |   256|
|11    |FDRE    |  2573|
|12    |FDSE    |     1|
|13    |IBUF    |    11|
|14    |OBUF    |     8|
+------+--------+------+
---------------------------------------------------------------------------------
Finished Writing Synthesis Report : Time (s): cpu = 00:06:43 ; elapsed = 00:07:08 . Memory (MB): peak = 1679.063 ; gain = 576.781
---------------------------------------------------------------------------------
Synthesis finished with 0 errors, 0 critical warnings and 0 warnings.
Synthesis Optimization Runtime : Time (s): cpu = 00:06:32 ; elapsed = 00:07:02 . Memory (MB): peak = 1679.063 ; gain = 442.191
Synthesis Optimization Complete : Time (s): cpu = 00:06:44 ; elapsed = 00:07:08 . Memory (MB): peak = 1679.063 ; gain = 576.781
INFO: [Project 1-571] Translating synthesized netlist
Netlist sorting complete. Time (s): cpu = 00:00:01 ; elapsed = 00:00:00.339 . Memory (MB): peak = 1679.289 ; gain = 0.000
INFO: [Netlist 29-17] Analyzing 757 Unisim elements for replacement
INFO: [Netlist 29-28] Unisim Transformation completed in 0 CPU seconds
INFO: [Project 1-570] Preparing netlist for logic optimization
INFO: [Opt 31-138] Pushed 0 inverter(s) to 0 load pin(s).
Netlist sorting complete. Time (s): cpu = 00:00:00 ; elapsed = 00:00:00.002 . Memory (MB): peak = 1679.289 ; gain = 0.000
INFO: [Project 1-111] Unisim Transformation Summary:
No Unisim elements were transformed.

INFO: [Common 17-83] Releasing license: Synthesis
36 Infos, 0 Warnings, 0 Critical Warnings and 0 Errors encountered.
synth_design completed successfully
synth_design: Time (s): cpu = 00:06:57 ; elapsed = 00:07:31 . Memory (MB): peak = 1679.289 ; gain = 577.008
INFO: [Common 17-1381] The checkpoint 'C:/Users/louis/Desktop/AMNS_IMPLEMENTATION/VIVADO/AMNS_ARITH_HW/AMNS_ARITH_HW.runs/synth_1/AMNS_arith_multiple_stage_top.dcp' has been generated.
INFO: [runtcl-4] Executing : report_utilization -file AMNS_arith_multiple_stage_top_utilization_synth.rpt -pb AMNS_arith_multiple_stage_top_utilization_synth.pb
INFO: [Common 17-206] Exiting Vivado at Tue Mar 23 08:54:26 2021...
