Copyright 1986-2020 Xilinx, Inc. All Rights Reserved.
------------------------------------------------------------------------------------
| Tool Version : Vivado v.2020.2 (win64) Build 3064766 Wed Nov 18 09:12:45 MST 2020
| Date         : Tue Mar 23 09:28:30 2021
| Host         : LAPTOP-6Q7QM5AJ running 64-bit major release  (build 9200)
| Command      : upgrade_ip
| Device       : xc7z020clg484-1
------------------------------------------------------------------------------------

Upgrade Log for IP 'design_1_AMNS_arith_ip_0_0'

1. Summary
----------

SUCCESS in the upgrade of design_1_AMNS_arith_ip_0_0 (xilinx.com:user:AMNS_arith_ip:1.0) from (Rev. 3) to (Rev. 4)






Copyright 1986-2020 Xilinx, Inc. All Rights Reserved.
------------------------------------------------------------------------------------
| Tool Version : Vivado v.2020.2 (win64) Build 3064766 Wed Nov 18 09:12:45 MST 2020
| Date         : Tue Mar 23 07:08:12 2021
| Host         : LAPTOP-6Q7QM5AJ running 64-bit major release  (build 9200)
| Command      : upgrade_ip
| Device       : xc7z020clg484-1
------------------------------------------------------------------------------------

Upgrade Log for IP 'design_1_AMNS_arith_ip_0_0'

1. Summary
----------

SUCCESS in the upgrade of design_1_AMNS_arith_ip_0_0 (xilinx.com:user:AMNS_arith_ip:1.0) from (Rev. 2) to (Rev. 3)

